<?xml version="1.0" encoding="UTF-8"?>
<!-- Generated by org.testng.reporters.JUnitReportReporter -->
<testsuite hostname="HP_Prameela" failures="0" tests="3" name="com.crm.orgtest.OrganizationmoduleTest" time="16.113" errors="0" timestamp="2025-03-05T13:23:54 IST" skipped="0">
  <testcase classname="com.crm.orgtest.OrganizationmoduleTest" name="verifylogo" time="2.202"/>
  <system-out>
    <![CDATA[verifylogo verified==pass]]>
  </system-out>
  <testcase classname="com.crm.orgtest.OrganizationmoduleTest" name="CreateOrgwithIndustry" time="7.567"/>
  <system-out>
    <![CDATA[CreateOrgwithIndustry verified==pass]]>
  </system-out>
  <testcase classname="com.crm.orgtest.OrganizationmoduleTest" name="CreateOrgwithPhonenum" time="6.344"/>
  <system-out>
    <![CDATA[CreateOrgwithPhonenum verified==pass]]>
  </system-out>
</testsuite> <!-- com.crm.orgtest.OrganizationmoduleTest -->
