<?xml version="1.0" encoding="UTF-8"?>
<!-- Generated by org.testng.reporters.JUnitReportReporter -->
<testsuite hostname="HP_Prameela" failures="0" tests="1" name="com.crm.orgtest.OrganizationmoduleTest" time="6.131" errors="0" timestamp="2025-03-05T11:14:53 IST" skipped="0">
  <testcase classname="com.crm.orgtest.OrganizationmoduleTest" name="CreateOrgwithPhonenum" time="6.131"/>
  <system-out>
    <![CDATA[CreateOrgwithPhonenum verified==pass]]>
  </system-out>
</testsuite> <!-- com.crm.orgtest.OrganizationmoduleTest -->
