<?xml version="1.0" encoding="UTF-8"?>
<testsuite xmlns:xsi="http://www.w3.org/2001/XMLSchema-instance" xsi:schemaLocation="https://maven.apache.org/surefire/maven-surefire-plugin/xsd/surefire-test-report.xsd" name="TestSuite" time="9.7" tests="1" errors="0" skipped="0" failures="0">
  <properties>
    <property name="java.runtime.name" value="Java(TM) SE Runtime Environment"/>
    <property name="java.vm.version" value="22.0.2+9-70"/>
    <property name="sun.boot.library.path" value="C:\Program Files\Java\jdk-22\bin"/>
    <property name="url" value="http://49.249.28.218:8888/"/>
    <property name="maven.multiModuleProjectDirectory" value="C:\Users\Prave\OneDrive\Desktop\workspace3\Dframecmd"/>
    <property name="java.vm.vendor" value="Oracle Corporation"/>
    <property name="java.vendor.url" value="https://java.oracle.com/"/>
    <property name="guice.disable.misplaced.annotation.check" value="true"/>
    <property name="path.separator" value=";"/>
    <property name="java.vm.name" value="Java HotSpot(TM) 64-Bit Server VM"/>
    <property name="sun.os.patch.level" value=""/>
    <property name="user.script" value=""/>
    <property name="user.country" value="IN"/>
    <property name="sun.java.launcher" value="SUN_STANDARD"/>
    <property name="java.vm.specification.name" value="Java Virtual Machine Specification"/>
    <property name="user.dir" value="C:\Users\Prave\OneDrive\Desktop\workspace3\Dframecmd"/>
    <property name="java.vm.compressedOopsMode" value="32-bit"/>
    <property name="java.runtime.version" value="22.0.2+9-70"/>
    <property name="os.arch" value="amd64"/>
    <property name="java.io.tmpdir" value="C:\Users\Prave\AppData\Local\Temp\"/>
    <property name="line.separator" value="&#10;"/>
    <property name="java.vm.specification.vendor" value="Oracle Corporation"/>
    <property name="user.variant" value=""/>
    <property name="stderr.encoding" value="cp437"/>
    <property name="os.name" value="Windows 11"/>
    <property name="classworlds.conf" value="C:\Users\Prave\Downloads\apache-maven-3.9.9-bin\apache-maven-3.9.9\bin\m2.conf"/>
    <property name="sun.jnu.encoding" value="Cp1252"/>
    <property name="stdout.encoding" value="cp437"/>
    <property name="java.library.path" value="C:\Program Files\Java\jdk-22\bin;C:\WINDOWS\Sun\Java\bin;C:\WINDOWS\system32;C:\WINDOWS;C:\Program Files (x86)\VMware\VMware Workstation\bin\;C:\Program Files\Common Files\Oracle\Java\javapath;C:\oracle\product\10.2.0\db_1\bin;C:\WINDOWS\system32;C:\WINDOWS;C:\WINDOWS\System32\Wbem;C:\WINDOWS\System32\WindowsPowerShell\v1.0\;C:\WINDOWS\System32\OpenSSH\;C:\Program Files\Java\jdk-22\bin;C:\Users\Prave\Downloads\apache-maven-3.9.9-bin\apache-maven-3.9.9\bin;C:\Program Files\Git\cmd;C:\Program Files\Maven\apache-maven-3.9.9-bin\apache-maven-3.9.9\bin;C:\Users\Prave\AppData\Local\Microsoft\WindowsApps;C:\Users\Prave\AppData\Local\Programs\Microsoft VS Code\bin;C:\Program Files\Java\jdk-21\bin;;."/>
    <property name="maven.conf" value="C:\Users\Prave\Downloads\apache-maven-3.9.9-bin\apache-maven-3.9.9/conf"/>
    <property name="jdk.debug" value="release"/>
    <property name="java.class.version" value="66.0"/>
    <property name="java.specification.name" value="Java Platform API Specification"/>
    <property name="sun.management.compiler" value="HotSpot 64-Bit Tiered Compilers"/>
    <property name="os.version" value="10.0"/>
    <property name="library.jansi.path" value="C:\Users\Prave\Downloads\apache-maven-3.9.9-bin\apache-maven-3.9.9\lib\jansi-native"/>
    <property name="user.home" value="C:\Users\Prave"/>
    <property name="user.timezone" value="Asia/Calcutta"/>
    <property name="file.encoding" value="UTF-8"/>
    <property name="java.specification.version" value="22"/>
    <property name="password" value="admin"/>
    <property name="username" value="admin"/>
    <property name="user.name" value="Prave"/>
    <property name="java.class.path" value="C:\Users\Prave\Downloads\apache-maven-3.9.9-bin\apache-maven-3.9.9\boot\plexus-classworlds-2.8.0.jar"/>
    <property name="java.vm.specification.version" value="22"/>
    <property name="sun.arch.data.model" value="64"/>
    <property name="sun.java.command" value="org.codehaus.plexus.classworlds.launcher.Launcher test -P sk -Durl=http://49.249.28.218:8888/ -Dusername=admin -Dpassword=admin"/>
    <property name="java.home" value="C:\Program Files\Java\jdk-22"/>
    <property name="user.language" value="en"/>
    <property name="java.specification.vendor" value="Oracle Corporation"/>
    <property name="java.vm.info" value="mixed mode, sharing"/>
    <property name="java.version" value="22.0.2"/>
    <property name="native.encoding" value="Cp1252"/>
    <property name="java.vendor" value="Oracle Corporation"/>
    <property name="maven.home" value="C:\Users\Prave\Downloads\apache-maven-3.9.9-bin\apache-maven-3.9.9"/>
    <property name="file.separator" value="\"/>
    <property name="java.version.date" value="2024-07-16"/>
    <property name="java.vendor.url.bug" value="https://bugreport.java.com/bugreport/"/>
    <property name="sun.io.unicode.encoding" value="UnicodeLittle"/>
    <property name="sun.cpu.endian" value="little"/>
    <property name="sun.cpu.isalist" value="amd64"/>
  </properties>
  <testcase name="CreateOrgwithPhonenum" classname="com.crm.orgtest.OrganizationmoduleTest" time="3.897"/>
</testsuite>